<?xml version="1.0" encoding="UTF-8"?>
<!-- Generated by org.testng.reporters.JUnitReportReporter -->
<testsuite skipped="0" hostname="SAHIL-PC" name="practice.ContactsPage" tests="2" failures="0" timestamp="2023-03-25T12:28:14 IST" time="0.047" errors="0">
  <testcase name="submit" time="0.004" classname="practice.ContactsPage"/>
  <system-out/>
  <testcase name="demo" time="0.043" classname="practice.ContactsPage"/>
  <system-out/>
</testsuite> <!-- practice.ContactsPage -->
