<?xml version="1.0" encoding="UTF-8"?>
<!-- Generated by org.testng.reporters.JUnitReportReporter -->
<testsuite skipped="0" hostname="SAHIL-PC" name="practice2.OrganisationPage" tests="1" failures="0" timestamp="2023-03-25T12:17:53 IST" time="0.025" errors="0">
  <testcase name="demoo" time="0.025" classname="practice2.OrganisationPage"/>
  <system-out/>
</testsuite> <!-- practice2.OrganisationPage -->
