<?xml version="1.0" encoding="UTF-8"?>
<!-- Generated by org.testng.reporters.JUnitReportReporter -->
<testsuite skipped="0" hostname="SAHIL-PC" name="practice.ContactsPage" tests="1" failures="0" timestamp="2023-03-25T11:37:16 IST" time="0.069" errors="0">
  <testcase name="demo" time="0.069" classname="practice.ContactsPage"/>
  <system-out/>
</testsuite> <!-- practice.ContactsPage -->
