<?xml version="1.0" encoding="UTF-8"?>
<!-- Generated by org.testng.reporters.JUnitReportReporter -->
<testsuite skipped="0" hostname="SAHIL-PC" name="practice2.OrganisationPage" tests="2" failures="0" timestamp="2023-03-25T12:26:14 IST" time="0.023" errors="0">
  <testcase name="oppo" time="0.002" classname="practice2.OrganisationPage"/>
  <system-out/>
  <testcase name="demoo" time="0.021" classname="practice2.OrganisationPage"/>
  <system-out/>
</testsuite> <!-- practice2.OrganisationPage -->
